<testsuites name="jest tests" tests="4" failures="0" time="5.603">
  <testsuite name="classes测试" errors="0" failures="0" skipped="0" timestamp="2021-05-27T15:40:08" time="4.191" tests="2">
    <testcase classname="classes测试 is a function" name="classes测试 is a function" time="0.002">
    </testcase>
    <testcase classname="classes测试 generate class names" name="classes测试 generate class names" time="0.001">
    </testcase>
  </testsuite>
  <testsuite name="icon测试" errors="0" failures="0" skipped="0" timestamp="2021-05-27T15:40:08" time="4.293" tests="2">
    <testcase classname="icon测试 render successify" name="icon测试 render successify" time="0.013">
    </testcase>
    <testcase classname="icon测试 onClick event" name="icon测试 onClick event" time="0.067">
    </testcase>
  </testsuite>
</testsuites>