<?xml version="1.0" encoding="UTF-8"?>
<coverage generated="1622102284437" clover="3.2.0">
  <project timestamp="1622102284437" name="All files">
    <metrics statements="12" coveredstatements="12" conditionals="0" coveredconditionals="0" methods="3" coveredmethods="2" elements="15" coveredelements="14" complexity="0" loc="12" ncloc="12" packages="2" files="3" classes="3"/>
    <package name="icon">
      <metrics statements="10" coveredstatements="10" conditionals="0" coveredconditionals="0" methods="2" coveredmethods="1"/>
      <file name="Icon.tsx" path="/Users/mac/reactui/React-UI/lib/icon/Icon.tsx">
        <metrics statements="7" coveredstatements="7" conditionals="0" coveredconditionals="0" methods="1" coveredmethods="1"/>
        <line num="1" count="1" type="stmt"/>
        <line num="2" count="1" type="stmt"/>
        <line num="3" count="1" type="stmt"/>
        <line num="4" count="1" type="stmt"/>
        <line num="14" count="1" type="stmt"/>
        <line num="15" count="4" type="stmt"/>
        <line num="16" count="2" type="stmt"/>
      </file>
      <file name="importAll.jsx" path="/Users/mac/reactui/React-UI/lib/icon/importAll.jsx">
        <metrics statements="3" coveredstatements="3" conditionals="0" coveredconditionals="0" methods="1" coveredmethods="0"/>
        <line num="1" count="1" type="stmt"/>
        <line num="2" count="1" type="stmt"/>
        <line num="3" count="1" type="stmt"/>
      </file>
    </package>
    <package name="utils">
      <metrics statements="2" coveredstatements="2" conditionals="0" coveredconditionals="0" methods="1" coveredmethods="1"/>
      <file name="classes.ts" path="/Users/mac/reactui/React-UI/lib/utils/classes.ts">
        <metrics statements="2" coveredstatements="2" conditionals="0" coveredconditionals="0" methods="1" coveredmethods="1"/>
        <line num="1" count="28" type="stmt"/>
        <line num="2" count="7" type="stmt"/>
      </file>
    </package>
  </project>
</coverage>
