{"/Users/mac/reactui/React-UI/lib/icon/Icon.tsx": {"path":"/Users/mac/reactui/React-UI/lib/icon/Icon.tsx","statementMap":{"0":{"start":{"line":1,"column":0},"end":{"line":1,"column":26}},"1":{"start":{"line":2,"column":0},"end":{"line":2,"column":21}},"2":{"start":{"line":3,"column":0},"end":{"line":3,"column":21}},"3":{"start":{"line":4,"column":0},"end":{"line":4,"column":46}},"4":{"start":{"line":14,"column":56},"end":{"line":23,"column":1}},"5":{"start":{"line":15,"column":43},"end":{"line":15,"column":49}},"6":{"start":{"line":15,"column":38},"end":{"line":15,"column":43}},"7":{"start":{"line":16,"column":2},"end":{"line":22,"column":4}},"8":{"start":{"line":14,"column":13},"end":{"line":14,"column":56}}},"fnMap":{"0":{"name":"(anonymous_0)","decl":{"start":{"line":14,"column":56},"end":{"line":14,"column":57}},"loc":{"start":{"line":14,"column":62},"end":{"line":23,"column":1}}}},"branchMap":{},"s":{"0":1,"1":1,"2":1,"3":1,"4":1,"5":4,"6":2,"7":2,"8":1},"f":{"0":2},"b":{}}
,"/Users/mac/reactui/React-UI/lib/icon/importAll.jsx": {"path":"/Users/mac/reactui/React-UI/lib/icon/importAll.jsx","statementMap":{"0":{"start":{"line":1,"column":16},"end":{"line":1,"column":81}},"1":{"start":{"line":1,"column":36},"end":{"line":1,"column":81}},"2":{"start":{"line":2,"column":0},"end":{"line":4,"column":18}},"3":{"start":{"line":3,"column":4},"end":{"line":3,"column":62}}},"fnMap":{"0":{"name":"(anonymous_0)","decl":{"start":{"line":1,"column":16},"end":{"line":1,"column":17}},"loc":{"start":{"line":1,"column":36},"end":{"line":1,"column":81}},"line":1}},"branchMap":{},"s":{"0":1,"1":0,"2":1,"3":1},"f":{"0":0},"b":{},"inputSourceMap":null,"_coverageSchema":"1a1c01bbd47fc00a2c39e90264f33305004495a9","hash":"f416089b904e825db797be8fec09c3e4a68bce24"}
,"/Users/mac/reactui/React-UI/utils/classes.ts": {"path":"/Users/mac/reactui/React-UI/utils/classes.ts","statementMap":{"0":{"start":{"line":1,"column":23},"end":{"line":3,"column":1}},"1":{"start":{"line":1,"column":24},"end":{"line":1,"column":54}},"2":{"start":{"line":2,"column":2},"end":{"line":2,"column":39}},"3":{"start":{"line":1,"column":13},"end":{"line":1,"column":23}}},"fnMap":{"0":{"name":"(anonymous_0)","decl":{"start":{"line":1,"column":23},"end":{"line":1,"column":24}},"loc":{"start":{"line":1,"column":23},"end":{"line":3,"column":1}}}},"branchMap":{},"s":{"0":2,"1":28,"2":7,"3":2},"f":{"0":7},"b":{}}
}
